<?xml version="1.0" encoding="UTF-8"?>
<testsuite name="org.example.UserServiceTest" tests="1" skipped="0" failures="0" errors="0" timestamp="2024-02-05T13:57:56" hostname="UOAL19-79QN2X2" time="0.934">
  <properties/>
  <testcase name="testGetUserById()" classname="org.example.UserServiceTest" time="0.934"/>
  <system-out><![CDATA[]]></system-out>
  <system-err><![CDATA[]]></system-err>
</testsuite>
